<?xml version="1.0" encoding="UTF-8"?>
<TestRun id="38fd0bda-c1fa-4d82-a214-32c11b531b96" name="Julius@JULIUS-PC 2010-12-12 17:49:20" runUser="Julius-PC\Julius" xmlns="http://microsoft.com/schemas/VisualStudio/TeamTest/2010">
  <TestSettings name="Local" id="6573841c-2167-43db-9aca-a821b0fab680">
    <Description>These are default test settings for a local test run.</Description>
    <Deployment enabled="false" runDeploymentRoot="Julius_JULIUS-PC 2010-12-12 17_49_20">
      <DeploymentItem filename="C:\Users\Julius\Desktop\code\NET40\Moq.dll" />
      <DeploymentItem filename="c:\users\julius\documents\visual studio 2010\Projects\TestTest\TestTest\bin\Debug\TestTest.exe" />
    </Deployment>
    <Execution>
      <TestTypeSpecific />
      <AgentRule name="Execution Agents">
      </AgentRule>
    </Execution>
  </TestSettings>
  <Times creation="2010-12-12T17:49:20.5096000+01:00" queuing="2010-12-12T17:49:20.5686000+01:00" start="2010-12-12T17:49:20.5796000+01:00" finish="2010-12-12T17:49:21.0186000+01:00" />
  <ResultSummary outcome="Failed">
    <Counters total="1" executed="1" error="0" failed="1" timeout="0" aborted="0" inconclusive="0" passedButRunAborted="0" notRunnable="0" notExecuted="0" disconnected="0" warning="0" passed="0" completed="0" inProgress="0" pending="0" />
  </ResultSummary>
  <TestDefinitions>
    <UnitTest name="DoFooTest" storage="c:\users\julius\documents\visual studio 2010\projects\testtest\testtesttest\bin\debug\testtesttest.dll" id="d2e67cef-8c55-3f21-3e20-72c29dcc416a">
      <Execution id="170f55b3-88b8-4ec1-9dd2-c244206243bc" />
      <TestMethod codeBase="c:/users/julius/documents/visual studio 2010/Projects/TestTest/TestTestTest/bin/Debug/TestTestTest.DLL" adapterTypeName="Microsoft.VisualStudio.TestTools.TestTypes.Unit.UnitTestAdapter, Microsoft.VisualStudio.QualityTools.Tips.UnitTest.Adapter, Version=10.0.0.0, Culture=neutral, PublicKeyToken=b03f5f7f11d50a3a" className="TestTestTest.FooTest, TestTestTest, Version=1.0.0.0, Culture=neutral, PublicKeyToken=null" name="DoFooTest" />
    </UnitTest>
  </TestDefinitions>
  <TestLists>
    <TestList name="Results Not in a List" id="8c84fa94-04c1-424b-9868-57a2d4851a1d" />
    <TestList name="All Loaded Results" id="19431567-8539-422a-85d7-44ee4e166bda" />
  </TestLists>
  <TestEntries>
    <TestEntry testId="d2e67cef-8c55-3f21-3e20-72c29dcc416a" executionId="170f55b3-88b8-4ec1-9dd2-c244206243bc" testListId="8c84fa94-04c1-424b-9868-57a2d4851a1d" />
  </TestEntries>
  <Results>
    <UnitTestResult executionId="170f55b3-88b8-4ec1-9dd2-c244206243bc" testId="d2e67cef-8c55-3f21-3e20-72c29dcc416a" testName="DoFooTest" computerName="JULIUS-PC" duration="00:00:00.0402963" startTime="2010-12-12T17:49:20.5936000+01:00" endTime="2010-12-12T17:49:20.9966000+01:00" testType="13cdc9d9-ddb5-4fa4-a97d-d965ccfc6d4b" outcome="Failed" testListId="8c84fa94-04c1-424b-9868-57a2d4851a1d" relativeResultsDirectory="170f55b3-88b8-4ec1-9dd2-c244206243bc">
      <Output>
        <ErrorInfo>
          <Message>Test method TestTestTest.FooTest.DoFooTest threw exception: 
System.NullReferenceException: Object reference not set to an instance of an object.</Message>
          <StackTrace>    at TestTest.Foo.DoFoo() in c:\users\julius\documents\visual studio 2010\Projects\TestTest\TestTest\Foo.cs:line 21
   at TestTestTest.FooTest.DoFooTest() in c:\users\julius\documents\visual studio 2010\Projects\TestTest\TestTestTest\FooTest.cs:line 26
</StackTrace>
        </ErrorInfo>
      </Output>
    </UnitTestResult>
  </Results>
</TestRun>