<?xml version="1.0" encoding="UTF-8"?>
<TestRun id="812a9d44-cb55-4746-b97f-4b1f78455ed6" name="Julius@JULIUS-PC 2010-12-12 20:26:46" runUser="Julius-PC\Julius" xmlns="http://microsoft.com/schemas/VisualStudio/TeamTest/2010">
  <TestSettings name="Local" id="6573841c-2167-43db-9aca-a821b0fab680">
    <Description>These are default test settings for a local test run.</Description>
    <Deployment enabled="false" runDeploymentRoot="Julius_JULIUS-PC 2010-12-12 20_26_46">
      <DeploymentItem filename="C:\Users\Julius\Desktop\code\NET40\Moq.dll" />
      <DeploymentItem filename="C:\Users\Julius\Documents\Visual Studio 2010\Projects\pse_spacewar\TestTest\TestTest\bin\Debug\TestTest.exe" />
    </Deployment>
    <Execution>
      <TestTypeSpecific />
      <AgentRule name="Execution Agents">
      </AgentRule>
    </Execution>
  </TestSettings>
  <Times creation="2010-12-12T20:26:46.6426000+01:00" queuing="2010-12-12T20:26:46.6596000+01:00" start="2010-12-12T20:26:46.7096000+01:00" finish="2010-12-12T20:26:47.4288000+01:00" />
  <ResultSummary outcome="Completed">
    <Counters total="2" executed="2" passed="2" error="0" failed="0" timeout="0" aborted="0" inconclusive="0" passedButRunAborted="0" notRunnable="0" notExecuted="0" disconnected="0" warning="0" completed="0" inProgress="0" pending="0" />
  </ResultSummary>
  <TestDefinitions>
    <UnitTest name="DoFooTest" storage="c:\users\julius\documents\visual studio 2010\projects\pse_spacewar\testtest\testtesttest\bin\debug\testtesttest.dll" id="d2e67cef-8c55-3f21-3e20-72c29dcc416a">
      <Execution id="08757962-9366-4f6c-9ca7-79f4f248914f" />
      <TestMethod codeBase="C:/Users/Julius/Documents/Visual Studio 2010/Projects/pse_spacewar/TestTest/TestTestTest/bin/Debug/TestTestTest.DLL" adapterTypeName="Microsoft.VisualStudio.TestTools.TestTypes.Unit.UnitTestAdapter, Microsoft.VisualStudio.QualityTools.Tips.UnitTest.Adapter, Version=10.0.0.0, Culture=neutral, PublicKeyToken=b03f5f7f11d50a3a" className="TestTestTest.FooTest, TestTestTest, Version=1.0.0.0, Culture=neutral, PublicKeyToken=null" name="DoFooTest" />
    </UnitTest>
    <UnitTest name="GetFooTest" storage="c:\users\julius\documents\visual studio 2010\projects\pse_spacewar\testtest\testtesttest\bin\debug\testtesttest.dll" id="6145f657-4e37-a7ff-7407-9bc67fa58366">
      <Execution id="e5833001-35c7-4613-8c71-fbf87b26c4a8" />
      <TestMethod codeBase="C:/Users/Julius/Documents/Visual Studio 2010/Projects/pse_spacewar/TestTest/TestTestTest/bin/Debug/TestTestTest.DLL" adapterTypeName="Microsoft.VisualStudio.TestTools.TestTypes.Unit.UnitTestAdapter, Microsoft.VisualStudio.QualityTools.Tips.UnitTest.Adapter, Version=10.0.0.0, Culture=neutral, PublicKeyToken=b03f5f7f11d50a3a" className="TestTestTest.FooTest, TestTestTest, Version=1.0.0.0, Culture=neutral, PublicKeyToken=null" name="GetFooTest" />
    </UnitTest>
  </TestDefinitions>
  <TestLists>
    <TestList name="Results Not in a List" id="8c84fa94-04c1-424b-9868-57a2d4851a1d" />
    <TestList name="All Loaded Results" id="19431567-8539-422a-85d7-44ee4e166bda" />
  </TestLists>
  <TestEntries>
    <TestEntry testId="6145f657-4e37-a7ff-7407-9bc67fa58366" executionId="e5833001-35c7-4613-8c71-fbf87b26c4a8" testListId="8c84fa94-04c1-424b-9868-57a2d4851a1d" />
    <TestEntry testId="d2e67cef-8c55-3f21-3e20-72c29dcc416a" executionId="08757962-9366-4f6c-9ca7-79f4f248914f" testListId="8c84fa94-04c1-424b-9868-57a2d4851a1d" />
  </TestEntries>
  <Results>
    <UnitTestResult executionId="e5833001-35c7-4613-8c71-fbf87b26c4a8" testId="6145f657-4e37-a7ff-7407-9bc67fa58366" testName="GetFooTest" computerName="JULIUS-PC" duration="00:00:00.2909645" startTime="2010-12-12T20:26:46.7216000+01:00" endTime="2010-12-12T20:26:47.3508000+01:00" testType="13cdc9d9-ddb5-4fa4-a97d-d965ccfc6d4b" outcome="Passed" testListId="8c84fa94-04c1-424b-9868-57a2d4851a1d" relativeResultsDirectory="e5833001-35c7-4613-8c71-fbf87b26c4a8">
    </UnitTestResult>
    <UnitTestResult executionId="08757962-9366-4f6c-9ca7-79f4f248914f" testId="d2e67cef-8c55-3f21-3e20-72c29dcc416a" testName="DoFooTest" computerName="JULIUS-PC" duration="00:00:00.0358362" startTime="2010-12-12T20:26:47.3664000+01:00" endTime="2010-12-12T20:26:47.3976000+01:00" testType="13cdc9d9-ddb5-4fa4-a97d-d965ccfc6d4b" outcome="Passed" testListId="8c84fa94-04c1-424b-9868-57a2d4851a1d" relativeResultsDirectory="08757962-9366-4f6c-9ca7-79f4f248914f">
    </UnitTestResult>
  </Results>
</TestRun>