<?xml version="1.0" encoding="UTF-8"?>
<TestRun id="1d6faf79-008e-47d3-9adb-ab549d23783a" name="Julius@JULIUS-PC 2010-12-12 16:59:49" runUser="Julius-PC\Julius" xmlns="http://microsoft.com/schemas/VisualStudio/TeamTest/2010">
  <TestSettings name="Local" id="6573841c-2167-43db-9aca-a821b0fab680">
    <Description>These are default test settings for a local test run.</Description>
    <Deployment enabled="false" runDeploymentRoot="Julius_JULIUS-PC 2010-12-12 16_59_49">
      <DeploymentItem filename="c:\users\julius\documents\visual studio 2010\Projects\TestTest\TestTest\bin\Debug\TestTest.exe" />
    </Deployment>
    <Execution>
      <TestTypeSpecific />
      <AgentRule name="Execution Agents">
      </AgentRule>
    </Execution>
  </TestSettings>
  <Times creation="2010-12-12T16:59:49.5484000+01:00" queuing="2010-12-12T16:59:51.0544000+01:00" start="2010-12-12T16:59:51.1534000+01:00" finish="2010-12-12T16:59:52.0634000+01:00" />
  <ResultSummary outcome="Failed">
    <Counters total="1" executed="1" error="0" failed="1" timeout="0" aborted="0" inconclusive="0" passedButRunAborted="0" notRunnable="0" notExecuted="0" disconnected="0" warning="0" passed="0" completed="0" inProgress="0" pending="0" />
  </ResultSummary>
  <TestDefinitions>
    <UnitTest name="GetFooTest" storage="c:\users\julius\documents\visual studio 2010\projects\testtest\testtesttest\bin\debug\testtesttest.dll" id="6145f657-4e37-a7ff-7407-9bc67fa58366">
      <Execution id="240b9ce0-b794-452d-974a-e9365906b259" />
      <TestMethod codeBase="c:/users/julius/documents/visual studio 2010/Projects/TestTest/TestTestTest/bin/Debug/TestTestTest.DLL" adapterTypeName="Microsoft.VisualStudio.TestTools.TestTypes.Unit.UnitTestAdapter, Microsoft.VisualStudio.QualityTools.Tips.UnitTest.Adapter, Version=10.0.0.0, Culture=neutral, PublicKeyToken=b03f5f7f11d50a3a" className="TestTestTest.FooTest, TestTestTest, Version=1.0.0.0, Culture=neutral, PublicKeyToken=null" name="GetFooTest" />
    </UnitTest>
  </TestDefinitions>
  <TestLists>
    <TestList name="Results Not in a List" id="8c84fa94-04c1-424b-9868-57a2d4851a1d" />
    <TestList name="All Loaded Results" id="19431567-8539-422a-85d7-44ee4e166bda" />
  </TestLists>
  <TestEntries>
    <TestEntry testId="6145f657-4e37-a7ff-7407-9bc67fa58366" executionId="240b9ce0-b794-452d-974a-e9365906b259" testListId="8c84fa94-04c1-424b-9868-57a2d4851a1d" />
  </TestEntries>
  <Results>
    <UnitTestResult executionId="240b9ce0-b794-452d-974a-e9365906b259" testId="6145f657-4e37-a7ff-7407-9bc67fa58366" testName="GetFooTest" computerName="JULIUS-PC" duration="00:00:00.0983929" startTime="2010-12-12T16:59:51.2254000+01:00" endTime="2010-12-12T16:59:51.8774000+01:00" testType="13cdc9d9-ddb5-4fa4-a97d-d965ccfc6d4b" outcome="Failed" testListId="8c84fa94-04c1-424b-9868-57a2d4851a1d" relativeResultsDirectory="240b9ce0-b794-452d-974a-e9365906b259">
      <Output>
        <ErrorInfo>
          <Message>Test method TestTestTest.FooTest.GetFooTest threw exception: 
System.NullReferenceException: Object reference not set to an instance of an object.</Message>
          <StackTrace>    at TestTest.Foo.GetFoo() in c:\users\julius\documents\visual studio 2010\Projects\TestTest\TestTest\Foo.cs:line 21
   at TestTestTest.FooTest.GetFooTest() in c:\users\julius\documents\visual studio 2010\Projects\TestTest\TestTestTest\FooTest.cs:line 38
</StackTrace>
        </ErrorInfo>
      </Output>
    </UnitTestResult>
  </Results>
</TestRun>