<?xml version="1.0" encoding="UTF-8"?>
<TestRun id="24dcf560-9c0a-43d8-8734-3cd51575d861" name="Julius@JULIUS-PC 2010-12-12 19:03:10" runUser="Julius-PC\Julius" xmlns="http://microsoft.com/schemas/VisualStudio/TeamTest/2010">
  <TestSettings name="Local" id="6573841c-2167-43db-9aca-a821b0fab680">
    <Description>These are default test settings for a local test run.</Description>
    <Deployment enabled="false" runDeploymentRoot="Julius_JULIUS-PC 2010-12-12 19_03_10">
      <DeploymentItem filename="C:\Users\Julius\Desktop\code\NET40\Moq.dll" />
      <DeploymentItem filename="c:\users\julius\documents\visual studio 2010\Projects\TestTest\TestTest\bin\Debug\TestTest.exe" />
    </Deployment>
    <Execution>
      <TestTypeSpecific />
      <AgentRule name="Execution Agents">
      </AgentRule>
    </Execution>
  </TestSettings>
  <Times creation="2010-12-12T19:03:10.0800000+01:00" queuing="2010-12-12T19:03:10.0980000+01:00" start="2010-12-12T19:03:10.2060000+01:00" finish="2010-12-12T19:03:11.2350000+01:00" />
  <ResultSummary outcome="Failed">
    <Counters total="1" executed="1" error="0" failed="1" timeout="0" aborted="0" inconclusive="0" passedButRunAborted="0" notRunnable="0" notExecuted="0" disconnected="0" warning="0" passed="0" completed="0" inProgress="0" pending="0" />
  </ResultSummary>
  <TestDefinitions>
    <UnitTest name="DoFooTest" storage="c:\users\julius\documents\visual studio 2010\projects\testtest\testtesttest\bin\debug\testtesttest.dll" id="d2e67cef-8c55-3f21-3e20-72c29dcc416a">
      <Execution id="c5b8bfcb-a813-41fc-b517-77379845c43e" />
      <TestMethod codeBase="c:/users/julius/documents/visual studio 2010/Projects/TestTest/TestTestTest/bin/Debug/TestTestTest.DLL" adapterTypeName="Microsoft.VisualStudio.TestTools.TestTypes.Unit.UnitTestAdapter, Microsoft.VisualStudio.QualityTools.Tips.UnitTest.Adapter, Version=10.0.0.0, Culture=neutral, PublicKeyToken=b03f5f7f11d50a3a" className="TestTestTest.FooTest, TestTestTest, Version=1.0.0.0, Culture=neutral, PublicKeyToken=null" name="DoFooTest" />
    </UnitTest>
  </TestDefinitions>
  <TestLists>
    <TestList name="Results Not in a List" id="8c84fa94-04c1-424b-9868-57a2d4851a1d" />
    <TestList name="All Loaded Results" id="19431567-8539-422a-85d7-44ee4e166bda" />
  </TestLists>
  <TestEntries>
    <TestEntry testId="d2e67cef-8c55-3f21-3e20-72c29dcc416a" executionId="c5b8bfcb-a813-41fc-b517-77379845c43e" testListId="8c84fa94-04c1-424b-9868-57a2d4851a1d" />
  </TestEntries>
  <Results>
    <UnitTestResult executionId="c5b8bfcb-a813-41fc-b517-77379845c43e" testId="d2e67cef-8c55-3f21-3e20-72c29dcc416a" testName="DoFooTest" computerName="JULIUS-PC" duration="00:00:00.2989966" startTime="2010-12-12T19:03:10.4130000+01:00" endTime="2010-12-12T19:03:11.1010000+01:00" testType="13cdc9d9-ddb5-4fa4-a97d-d965ccfc6d4b" outcome="Failed" testListId="8c84fa94-04c1-424b-9868-57a2d4851a1d" relativeResultsDirectory="c5b8bfcb-a813-41fc-b517-77379845c43e">
      <Output>
        <ErrorInfo>
          <Message>Test method TestTestTest.FooTest.DoFooTest threw exception: 
Moq.MockException: 
Expected invocation on the mock exactly 2 times, but was 1 times: foo =&gt; foo.DoBar()

Configured setups:
bar =&gt; bar.DoBar(), Times.Once

Performed invocations:
Bar.DoBar()</Message>
          <StackTrace>    at Moq.Mock.ThrowVerifyException(MethodCall expected, IEnumerable`1 setups, IEnumerable`1 actualCalls, Expression expression, Times times, Int32 callCount)
   at Moq.Mock.VerifyCalls(Interceptor targetInterceptor, MethodCall expected, Expression expression, Times times)
   at Moq.Mock.Verify[T](Mock mock, Expression`1 expression, Times times, String failMessage)
   at Moq.Mock`1.Verify(Expression`1 expression, Times times)
   at TestTestTest.FooTest.DoFooTest() in c:\users\julius\documents\visual studio 2010\Projects\TestTest\TestTestTest\FooTest.cs:line 30
</StackTrace>
        </ErrorInfo>
      </Output>
    </UnitTestResult>
  </Results>
</TestRun>