<?xml version="1.0" encoding="UTF-8"?>
<TestRun id="f29c8637-814f-49b3-b014-235f01e84677" name="Julius@JULIUS-PC 2010-12-12 20:12:31" runUser="Julius-PC\Julius" xmlns="http://microsoft.com/schemas/VisualStudio/TeamTest/2010">
  <TestSettings name="Local" id="6573841c-2167-43db-9aca-a821b0fab680">
    <Description>These are default test settings for a local test run.</Description>
    <Deployment userDeploymentRoot="C:\Users\Julius\Documents\Visual Studio 2010\Projects\pse_spacewar\TestTest\TestResults" useDefaultDeploymentRoot="false" enabled="false" runDeploymentRoot="Julius_JULIUS-PC 2010-12-12 20_12_31">
      <DeploymentItem filename="C:\Users\Julius\Desktop\code\NET40\Moq.dll" />
      <DeploymentItem filename="C:\Users\Julius\Documents\Visual Studio 2010\Projects\pse_spacewar\TestTest\TestTest\bin\Debug\TestTest.exe" />
    </Deployment>
    <Execution>
      <TestTypeSpecific />
      <AgentRule name="Execution Agents">
      </AgentRule>
    </Execution>
  </TestSettings>
  <Times creation="2010-12-12T20:12:31.7486000+01:00" queuing="2010-12-12T20:12:31.7546000+01:00" start="2010-12-12T20:12:31.7656000+01:00" finish="2010-12-12T20:12:32.4326000+01:00" />
  <ResultSummary outcome="Completed">
    <Counters total="1" executed="1" passed="1" error="0" failed="0" timeout="0" aborted="0" inconclusive="0" passedButRunAborted="0" notRunnable="0" notExecuted="0" disconnected="0" warning="0" completed="0" inProgress="0" pending="0" />
  </ResultSummary>
  <TestDefinitions>
    <UnitTest name="GetFooTest" storage="c:\users\julius\documents\visual studio 2010\projects\pse_spacewar\testtest\testtesttest\bin\debug\testtesttest.dll" id="6145f657-4e37-a7ff-7407-9bc67fa58366">
      <Execution id="72c47529-bd95-4229-b54c-4dcaf77aae2d" />
      <TestMethod codeBase="C:/Users/Julius/Documents/Visual Studio 2010/Projects/pse_spacewar/TestTest/TestTestTest/bin/Debug/TestTestTest.DLL" adapterTypeName="Microsoft.VisualStudio.TestTools.TestTypes.Unit.UnitTestAdapter, Microsoft.VisualStudio.QualityTools.Tips.UnitTest.Adapter, Version=10.0.0.0, Culture=neutral, PublicKeyToken=b03f5f7f11d50a3a" className="TestTestTest.FooTest, TestTestTest, Version=1.0.0.0, Culture=neutral, PublicKeyToken=null" name="GetFooTest" />
    </UnitTest>
  </TestDefinitions>
  <TestLists>
    <TestList name="Results Not in a List" id="8c84fa94-04c1-424b-9868-57a2d4851a1d" />
    <TestList name="All Loaded Results" id="19431567-8539-422a-85d7-44ee4e166bda" />
  </TestLists>
  <TestEntries>
    <TestEntry testId="6145f657-4e37-a7ff-7407-9bc67fa58366" executionId="72c47529-bd95-4229-b54c-4dcaf77aae2d" testListId="8c84fa94-04c1-424b-9868-57a2d4851a1d" />
  </TestEntries>
  <Results>
    <UnitTestResult executionId="72c47529-bd95-4229-b54c-4dcaf77aae2d" testId="6145f657-4e37-a7ff-7407-9bc67fa58366" testName="GetFooTest" computerName="JULIUS-PC" duration="00:00:00.2533177" startTime="2010-12-12T20:12:31.8306000+01:00" endTime="2010-12-12T20:12:32.4026000+01:00" testType="13cdc9d9-ddb5-4fa4-a97d-d965ccfc6d4b" outcome="Passed" testListId="8c84fa94-04c1-424b-9868-57a2d4851a1d" relativeResultsDirectory="72c47529-bd95-4229-b54c-4dcaf77aae2d">
    </UnitTestResult>
  </Results>
</TestRun>